<?xml version="1.0" encoding="UTF-8"?>
<!-- Generated by org.testng.reporters.JUnitReportReporter -->
<testsuite hostname="L-158032554" failures="0" tests="1" name="TestCases.Test_User_Role" time="2.545" errors="0" timestamp="2023-11-28T19:04:59 IST" skipped="0">
  <testcase classname="TestCases.Test_User_Role" name="checkUserRole" time="2.545"/>
</testsuite> <!-- TestCases.Test_User_Role -->
