<?xml version="1.0" encoding="UTF-8"?>
<!-- Generated by org.testng.reporters.JUnitReportReporter -->
<testsuite hostname="L-158032554" failures="0" tests="1" name="TestCases.Test_Pending_Leave_Request" time="2.735" errors="0" timestamp="2023-11-28T19:04:59 IST" skipped="0">
  <testcase classname="TestCases.Test_Pending_Leave_Request" name="Employees_on_Leave" time="2.735"/>
</testsuite> <!-- TestCases.Test_Pending_Leave_Request -->
